Xdebug: [Step Debug] Could not connect to debugging client. Tried: localhost:9003 (through xdebug.client_host/xdebug.client_port).

   INFO  Server running on [http://0.0.0.0:8000].  

  Press Ctrl+C to stop the server

  Xdebug: [Step Debug] Could not connect to debugging client. Tried: localhost:9003 (through xdebug.client_host/xdebug.client_port).
  2026-04-07 11:11:27 /api/register ................................ ~ 0.28ms
  Xdebug: [Step Debug] Could not connect to debugging client. Tried: localhost:9003 (through xdebug.client_host/xdebug.client_port).
  2026-04-07 11:11:38 /api/register ................................ ~ 0.27ms
  Xdebug: [Step Debug] Could not connect to debugging client. Tried: localhost:9003 (through xdebug.client_host/xdebug.client_port).
  2026-04-07 11:11:39 /api/books ................................... ~ 0.25ms
  Xdebug: [Step Debug] Could not connect to debugging client. Tried: localhost:9003 (through xdebug.client_host/xdebug.client_port).
  2026-04-07 11:11:45 /api/cart .................................. ~ 500.57ms
  Xdebug: [Step Debug] Could not connect to debugging client. Tried: localhost:9003 (through xdebug.client_host/xdebug.client_port).
  2026-04-07 11:11:48 /api/orders ................................ ~ 500.57ms
  Xdebug: [Step Debug] Could not connect to debugging client. Tried: localhost:9003 (through xdebug.client_host/xdebug.client_port).
  2026-04-07 11:11:50 /api/books ................................... ~ 0.26ms
  Xdebug: [Step Debug] Could not connect to debugging client. Tried: localhost:9003 (through xdebug.client_host/xdebug.client_port).
  2026-04-07 11:11:54 /api/cart .................................... ~ 0.32ms
  Xdebug: [Step Debug] Could not connect to debugging client. Tried: localhost:9003 (through xdebug.client_host/xdebug.client_port).
  2026-04-07 11:11:57 /api/cart .................................... ~ 0.33ms
  Xdebug: [Step Debug] Could not connect to debugging client. Tried: localhost:9003 (through xdebug.client_host/xdebug.client_port).
  2026-04-07 11:11:59 /api/cart/1 .................................. ~ 0.30ms
  Xdebug: [Step Debug] Could not connect to debugging client. Tried: localhost:9003 (through xdebug.client_host/xdebug.client_port).
  2026-04-07 11:11:59 /api/cart .................................. ~ 500.50ms
  Xdebug: [Step Debug] Could not connect to debugging client. Tried: localhost:9003 (through xdebug.client_host/xdebug.client_port).
  2026-04-07 11:12:01 /api/orders ................................ ~ 500.63ms
  Xdebug: [Step Debug] Could not connect to debugging client. Tried: localhost:9003 (through xdebug.client_host/xdebug.client_port).
  2026-04-07 11:12:03 /api/cart .................................... ~ 0.27ms
  Xdebug: [Step Debug] Could not connect to debugging client. Tried: localhost:9003 (through xdebug.client_host/xdebug.client_port).
  2026-04-07 11:12:03 /api/books ................................... ~ 0.25ms
  Xdebug: [Step Debug] Could not connect to debugging client. Tried: localhost:9003 (through xdebug.client_host/xdebug.client_port).
  2026-04-07 11:12:08 /api/cart .................................... ~ 0.26ms
  Xdebug: [Step Debug] Could not connect to debugging client. Tried: localhost:9003 (through xdebug.client_host/xdebug.client_port).
  2026-04-07 11:12:11 /api/cart .................................... ~ 0.26ms
  Xdebug: [Step Debug] Could not connect to debugging client. Tried: localhost:9003 (through xdebug.client_host/xdebug.client_port).
  2026-04-07 11:12:13 /api/register ................................ ~ 0.31ms
  Xdebug: [Step Debug] Could not connect to debugging client. Tried: localhost:9003 (through xdebug.client_host/xdebug.client_port).
  2026-04-07 11:12:14 /api/cart .................................... ~ 0.20ms
  Xdebug: [Step Debug] Could not connect to debugging client. Tried: localhost:9003 (through xdebug.client_host/xdebug.client_port).
  2026-04-07 11:12:14 /api/register .............................. ~ 500.48ms
  Xdebug: [Step Debug] Could not connect to debugging client. Tried: localhost:9003 (through xdebug.client_host/xdebug.client_port).
  2026-04-07 11:12:17 /api/cart .................................. ~ 500.52ms
  Xdebug: [Step Debug] Could not connect to debugging client. Tried: localhost:9003 (through xdebug.client_host/xdebug.client_port).
  2026-04-07 11:12:29 /api/checkout ................................ ~ 0.27ms
  Xdebug: [Step Debug] Could not connect to debugging client. Tried: localhost:9003 (through xdebug.client_host/xdebug.client_port).
  2026-04-07 11:12:31 /api/orders .................................. ~ 0.25ms
  Xdebug: [Step Debug] Could not connect to debugging client. Tried: localhost:9003 (through xdebug.client_host/xdebug.client_port).
  2026-04-07 11:12:44 /api/books ................................. ~ 500.53ms
  Xdebug: [Step Debug] Could not connect to debugging client. Tried: localhost:9003 (through xdebug.client_host/xdebug.client_port).
  2026-04-07 11:12:50 /api/books ................................. ~ 500.52ms
  Xdebug: [Step Debug] Could not connect to debugging client. Tried: localhost:9003 (through xdebug.client_host/xdebug.client_port).
  2026-04-07 11:12:53 /api/books ................................. ~ 500.57ms
  Xdebug: [Step Debug] Could not connect to debugging client. Tried: localhost:9003 (through xdebug.client_host/xdebug.client_port).
  2026-04-07 11:12:54 /api/register ................................ ~ 0.30ms
  Xdebug: [Step Debug] Could not connect to debugging client. Tried: localhost:9003 (through xdebug.client_host/xdebug.client_port).
  2026-04-07 11:12:57 /api/books ................................... ~ 0.31ms
  Xdebug: [Step Debug] Could not connect to debugging client. Tried: localhost:9003 (through xdebug.client_host/xdebug.client_port).
  2026-04-07 11:13:00 /api/books ................................. ~ 500.56ms
  Xdebug: [Step Debug] Could not connect to debugging client. Tried: localhost:9003 (through xdebug.client_host/xdebug.client_port).
  2026-04-07 11:13:05 /api/books ................................... ~ 0.29ms
  Xdebug: [Step Debug] Could not connect to debugging client. Tried: localhost:9003 (through xdebug.client_host/xdebug.client_port).
  2026-04-07 11:13:05 /api/books ................................. ~ 500.51ms
  Xdebug: [Step Debug] Could not connect to debugging client. Tried: localhost:9003 (through xdebug.client_host/xdebug.client_port).
  2026-04-07 11:13:05 /api/register ................................ ~ 0.20ms
  Xdebug: [Step Debug] Could not connect to debugging client. Tried: localhost:9003 (through xdebug.client_host/xdebug.client_port).
  2026-04-07 11:13:05 /api/books ................................. ~ 500.57ms
  Xdebug: [Step Debug] Could not connect to debugging client. Tried: localhost:9003 (through xdebug.client_host/xdebug.client_port).
  2026-04-07 11:13:06 /api/books ................................... ~ 0.17ms
  Xdebug: [Step Debug] Could not connect to debugging client. Tried: localhost:9003 (through xdebug.client_host/xdebug.client_port).
  2026-04-07 11:13:10 /api/books ................................... ~ 0.29ms
  Xdebug: [Step Debug] Could not connect to debugging client. Tried: localhost:9003 (through xdebug.client_host/xdebug.client_port).
  2026-04-07 11:13:11 /api/books ................................... ~ 0.17ms
  Xdebug: [Step Debug] Could not connect to debugging client. Tried: localhost:9003 (through xdebug.client_host/xdebug.client_port).
  2026-04-07 11:13:11 /api/books ................................... ~ 0.17ms
  Xdebug: [Step Debug] Could not connect to debugging client. Tried: localhost:9003 (through xdebug.client_host/xdebug.client_port).
  2026-04-07 11:13:11 /api/books ................................. ~ 500.45ms
  Xdebug: [Step Debug] Could not connect to debugging client. Tried: localhost:9003 (through xdebug.client_host/xdebug.client_port).
  2026-04-07 11:13:15 /api/books ................................. ~ 500.56ms
  Xdebug: [Step Debug] Could not connect to debugging client. Tried: localhost:9003 (through xdebug.client_host/xdebug.client_port).
  2026-04-07 11:13:19 /api/register .............................. ~ 500.52ms
  Xdebug: [Step Debug] Could not connect to debugging client. Tried: localhost:9003 (through xdebug.client_host/xdebug.client_port).
  2026-04-07 11:14:29 /api/logout .................................. ~ 0.33ms
  Xdebug: [Step Debug] Could not connect to debugging client. Tried: localhost:9003 (through xdebug.client_host/xdebug.client_port).
  2026-04-07 11:16:50 /api/login ................................... ~ 0.26ms
  Xdebug: [Step Debug] Could not connect to debugging client. Tried: localhost:9003 (through xdebug.client_host/xdebug.client_port).
  2026-04-07 11:16:51 /api/books ................................... ~ 0.24ms
  Xdebug: [Step Debug] Could not connect to debugging client. Tried: localhost:9003 (through xdebug.client_host/xdebug.client_port).
  2026-04-07 11:16:51 /api/login ................................. ~ 500.46ms
  Xdebug: [Step Debug] Could not connect to debugging client. Tried: localhost:9003 (through xdebug.client_host/xdebug.client_port).
  Xdebug: [Step Debug] Could not connect to debugging client. Tried: localhost:9003 (through xdebug.client_host/xdebug.client_port).
  2026-04-07 11:17:16 /api/admin/books-stats ..................... ~ 500.79ms
  Xdebug: [Step Debug] Could not connect to debugging client. Tried: localhost:9003 (through xdebug.client_host/xdebug.client_port).
  2026-04-07 11:17:30 /api/orders .................................. ~ 0.34ms
  Xdebug: [Step Debug] Could not connect to debugging client. Tried: localhost:9003 (through xdebug.client_host/xdebug.client_port).
  Xdebug: [Step Debug] Could not connect to debugging client. Tried: localhost:9003 (through xdebug.client_host/xdebug.client_port).
  2026-04-07 11:17:38 /api/admin/books-stats ....................... ~ 0.35ms
  Xdebug: [Step Debug] Could not connect to debugging client. Tried: localhost:9003 (through xdebug.client_host/xdebug.client_port).
  Xdebug: [Step Debug] Could not connect to debugging client. Tried: localhost:9003 (through xdebug.client_host/xdebug.client_port).
  2026-04-07 11:17:58 /api/admin/books ............................. ~ 0.41ms
  Xdebug: [Step Debug] Could not connect to debugging client. Tried: localhost:9003 (through xdebug.client_host/xdebug.client_port).
  Xdebug: [Step Debug] Could not connect to debugging client. Tried: localhost:9003 (through xdebug.client_host/xdebug.client_port).
  2026-04-07 11:18:02 /api/admin/books ............................. ~ 0.34ms
  Xdebug: [Step Debug] Could not connect to debugging client. Tried: localhost:9003 (through xdebug.client_host/xdebug.client_port).
  Xdebug: [Step Debug] Could not connect to debugging client. Tried: localhost:9003 (through xdebug.client_host/xdebug.client_port).
  2026-04-07 11:18:08 /api/admin/books ............................. ~ 0.35ms
  Xdebug: [Step Debug] Could not connect to debugging client. Tried: localhost:9003 (through xdebug.client_host/xdebug.client_port).
  2026-04-07 11:21:42 /api/login ................................... ~ 0.33ms
  Xdebug: [Step Debug] Could not connect to debugging client. Tried: localhost:9003 (through xdebug.client_host/xdebug.client_port).
  2026-04-07 11:24:05 /api/login ................................. ~ 500.59ms
  Xdebug: [Step Debug] Could not connect to debugging client. Tried: localhost:9003 (through xdebug.client_host/xdebug.client_port).
  Xdebug: [Step Debug] Could not connect to debugging client. Tried: localhost:9003 (through xdebug.client_host/xdebug.client_port).
  2026-04-07 11:24:05 /api/admin/books ........................... ~ 500.61ms
  Xdebug: [Step Debug] Could not connect to debugging client. Tried: localhost:9003 (through xdebug.client_host/xdebug.client_port).
  2026-04-07 11:26:16 /api/login ................................. ~ 500.59ms
  Xdebug: [Step Debug] Could not connect to debugging client. Tried: localhost:9003 (through xdebug.client_host/xdebug.client_port).
  Xdebug: [Step Debug] Could not connect to debugging client. Tried: localhost:9003 (through xdebug.client_host/xdebug.client_port).
  2026-04-07 11:26:16 /api/admin/books ........................... ~ 500.66ms
  Xdebug: [Step Debug] Could not connect to debugging client. Tried: localhost:9003 (through xdebug.client_host/xdebug.client_port).
  2026-04-07 11:27:17 /api/login ................................... ~ 0.29ms
  Xdebug: [Step Debug] Could not connect to debugging client. Tried: localhost:9003 (through xdebug.client_host/xdebug.client_port).
  Xdebug: [Step Debug] Could not connect to debugging client. Tried: localhost:9003 (through xdebug.client_host/xdebug.client_port).
  2026-04-07 11:27:17 /api/admin/books ........................... ~ 500.57ms
  Xdebug: [Step Debug] Could not connect to debugging client. Tried: localhost:9003 (through xdebug.client_host/xdebug.client_port).
  2026-04-07 11:30:41 /api/login ................................. ~ 500.60ms
  Xdebug: [Step Debug] Could not connect to debugging client. Tried: localhost:9003 (through xdebug.client_host/xdebug.client_port).
  2026-04-07 11:30:41 /api/admin/books ............................. ~ 0.20ms
  Xdebug: [Step Debug] Could not connect to debugging client. Tried: localhost:9003 (through xdebug.client_host/xdebug.client_port).
  2026-04-07 11:31:34 /api/admin/books-stats ....................... ~ 0.27ms
  Xdebug: [Step Debug] Could not connect to debugging client. Tried: localhost:9003 (through xdebug.client_host/xdebug.client_port).
  2026-04-07 11:31:34 /api/admin/users ........................... ~ 500.56ms
  Xdebug: [Step Debug] Could not connect to debugging client. Tried: localhost:9003 (through xdebug.client_host/xdebug.client_port).
  2026-04-07 11:32:18 /api/orders ................................ ~ 500.58ms
  Xdebug: [Step Debug] Could not connect to debugging client. Tried: localhost:9003 (through xdebug.client_host/xdebug.client_port).
  2026-04-07 11:32:21 /api/cart .................................... ~ 0.32ms
  Xdebug: [Step Debug] Could not connect to debugging client. Tried: localhost:9003 (through xdebug.client_host/xdebug.client_port).
  2026-04-07 11:32:22 /api/books ................................... ~ 0.36ms
  Xdebug: [Step Debug] Could not connect to debugging client. Tried: localhost:9003 (through xdebug.client_host/xdebug.client_port).
  2026-04-07 11:32:27 /api/admin/books-stats ..................... ~ 500.63ms
  Xdebug: [Step Debug] Could not connect to debugging client. Tried: localhost:9003 (through xdebug.client_host/xdebug.client_port).
  2026-04-07 11:32:27 /api/admin/users ............................. ~ 0.20ms
  Xdebug: [Step Debug] Could not connect to debugging client. Tried: localhost:9003 (through xdebug.client_host/xdebug.client_port).
  2026-04-07 11:34:22 /api/admin/users ............................. ~ 0.32ms
  Xdebug: [Step Debug] Could not connect to debugging client. Tried: localhost:9003 (through xdebug.client_host/xdebug.client_port).
  2026-04-07 11:34:22 /api/admin/books-stats ..................... ~ 500.54ms
  Xdebug: [Step Debug] Could not connect to debugging client. Tried: localhost:9003 (through xdebug.client_host/xdebug.client_port).
  2026-04-07 11:40:29 /api/admin/users ............................. ~ 0.28ms
  Xdebug: [Step Debug] Could not connect to debugging client. Tried: localhost:9003 (through xdebug.client_host/xdebug.client_port).
  2026-04-07 11:40:29 /api/admin/books-stats ....................... ~ 0.20ms
  Xdebug: [Step Debug] Could not connect to debugging client. Tried: localhost:9003 (through xdebug.client_host/xdebug.client_port).
  2026-04-07 11:41:51 /api/admin/users ........................... ~ 500.64ms
  Xdebug: [Step Debug] Could not connect to debugging client. Tried: localhost:9003 (through xdebug.client_host/xdebug.client_port).
  2026-04-07 11:41:51 /api/admin/books-stats ....................... ~ 0.27ms
  Xdebug: [Step Debug] Could not connect to debugging client. Tried: localhost:9003 (through xdebug.client_host/xdebug.client_port).
  2026-04-07 11:42:49 /api/admin/books-stats ....................... ~ 0.30ms
  Xdebug: [Step Debug] Could not connect to debugging client. Tried: localhost:9003 (through xdebug.client_host/xdebug.client_port).
  2026-04-07 11:42:49 /api/admin/users ............................. ~ 0.20ms
  Xdebug: [Step Debug] Could not connect to debugging client. Tried: localhost:9003 (through xdebug.client_host/xdebug.client_port).
  2026-04-07 11:43:22 /api/admin/books ............................. ~ 0.32ms
  Xdebug: [Step Debug] Could not connect to debugging client. Tried: localhost:9003 (through xdebug.client_host/xdebug.client_port).
  2026-04-07 11:43:24 /api/admin/books ............................. ~ 0.33ms
  Xdebug: [Step Debug] Could not connect to debugging client. Tried: localhost:9003 (through xdebug.client_host/xdebug.client_port).
  2026-04-07 11:43:34 /api/admin/books ........................... ~ 500.62ms
  Xdebug: [Step Debug] Could not connect to debugging client. Tried: localhost:9003 (through xdebug.client_host/xdebug.client_port).
  2026-04-07 11:43:45 /api/admin/books ............................. ~ 0.32ms
  Xdebug: [Step Debug] Could not connect to debugging client. Tried: localhost:9003 (through xdebug.client_host/xdebug.client_port).
  2026-04-07 11:43:53 /api/admin/books ........................... ~ 500.62ms
  Xdebug: [Step Debug] Could not connect to debugging client. Tried: localhost:9003 (through xdebug.client_host/xdebug.client_port).
  2026-04-07 11:44:59 /api/register ................................ ~ 0.32ms
  Xdebug: [Step Debug] Could not connect to debugging client. Tried: localhost:9003 (through xdebug.client_host/xdebug.client_port).
  2026-04-07 11:46:50 /api/admin/books-stats ....................... ~ 0.32ms
  Xdebug: [Step Debug] Could not connect to debugging client. Tried: localhost:9003 (through xdebug.client_host/xdebug.client_port).
  2026-04-07 11:46:51 /api/admin/users ........................... ~ 500.56ms
  Xdebug: [Step Debug] Could not connect to debugging client. Tried: localhost:9003 (through xdebug.client_host/xdebug.client_port).
  2026-04-07 11:47:06 /api/admin/books-stats ....................... ~ 0.29ms
  Xdebug: [Step Debug] Could not connect to debugging client. Tried: localhost:9003 (through xdebug.client_host/xdebug.client_port).
  2026-04-07 11:47:06 /api/admin/users ............................. ~ 0.21ms
  Xdebug: [Step Debug] Could not connect to debugging client. Tried: localhost:9003 (through xdebug.client_host/xdebug.client_port).
  2026-04-07 11:47:23 /api/admin/users ............................. ~ 0.32ms
  Xdebug: [Step Debug] Could not connect to debugging client. Tried: localhost:9003 (through xdebug.client_host/xdebug.client_port).
  2026-04-07 11:47:23 /api/admin/books-stats ....................... ~ 0.35ms
  Xdebug: [Step Debug] Could not connect to debugging client. Tried: localhost:9003 (through xdebug.client_host/xdebug.client_port).
  2026-04-07 11:47:46 /api/admin/books-stats ....................... ~ 0.39ms
  Xdebug: [Step Debug] Could not connect to debugging client. Tried: localhost:9003 (through xdebug.client_host/xdebug.client_port).
  2026-04-07 11:47:46 /api/admin/users ........................... ~ 500.49ms
  Xdebug: [Step Debug] Could not connect to debugging client. Tried: localhost:9003 (through xdebug.client_host/xdebug.client_port).
  2026-04-07 11:49:26 /api/admin/books-stats ....................... ~ 0.30ms
  Xdebug: [Step Debug] Could not connect to debugging client. Tried: localhost:9003 (through xdebug.client_host/xdebug.client_port).
  2026-04-07 11:49:26 /api/admin/users ............................. ~ 0.18ms
  Xdebug: [Step Debug] Could not connect to debugging client. Tried: localhost:9003 (through xdebug.client_host/xdebug.client_port).
  2026-04-07 11:50:50 /api/admin/users ........................... ~ 500.65ms
  Xdebug: [Step Debug] Could not connect to debugging client. Tried: localhost:9003 (through xdebug.client_host/xdebug.client_port).
  2026-04-07 11:50:50 /api/admin/books-stats ....................... ~ 0.22ms
  Xdebug: [Step Debug] Could not connect to debugging client. Tried: localhost:9003 (through xdebug.client_host/xdebug.client_port).
  2026-04-07 11:51:00 /api/admin/users ............................. ~ 0.33ms
  Xdebug: [Step Debug] Could not connect to debugging client. Tried: localhost:9003 (through xdebug.client_host/xdebug.client_port).
  2026-04-07 11:51:00 /api/admin/books-stats ....................... ~ 0.19ms
  Xdebug: [Step Debug] Could not connect to debugging client. Tried: localhost:9003 (through xdebug.client_host/xdebug.client_port).
  2026-04-07 11:51:08 /api/admin/users ............................. ~ 0.30ms
  Xdebug: [Step Debug] Could not connect to debugging client. Tried: localhost:9003 (through xdebug.client_host/xdebug.client_port).
  2026-04-07 11:51:08 /api/admin/books-stats ..................... ~ 500.59ms
  Xdebug: [Step Debug] Could not connect to debugging client. Tried: localhost:9003 (through xdebug.client_host/xdebug.client_port).
  2026-04-07 11:51:08 /api/admin/books-stats ....................... ~ 0.25ms
  Xdebug: [Step Debug] Could not connect to debugging client. Tried: localhost:9003 (through xdebug.client_host/xdebug.client_port).
  2026-04-07 11:51:09 /api/admin/users ............................. ~ 0.19ms
  Xdebug: [Step Debug] Could not connect to debugging client. Tried: localhost:9003 (through xdebug.client_host/xdebug.client_port).
  2026-04-07 11:51:14 /api/admin/books-stats ..................... ~ 500.78ms
  Xdebug: [Step Debug] Could not connect to debugging client. Tried: localhost:9003 (through xdebug.client_host/xdebug.client_port).
  2026-04-07 11:51:14 /api/admin/users ............................. ~ 0.22ms
  Xdebug: [Step Debug] Could not connect to debugging client. Tried: localhost:9003 (through xdebug.client_host/xdebug.client_port).
  2026-04-07 11:51:24 /api/admin/books-stats ..................... ~ 500.61ms
  Xdebug: [Step Debug] Could not connect to debugging client. Tried: localhost:9003 (through xdebug.client_host/xdebug.client_port).
  2026-04-07 11:51:24 /api/admin/users ............................. ~ 0.20ms
  Xdebug: [Step Debug] Could not connect to debugging client. Tried: localhost:9003 (through xdebug.client_host/xdebug.client_port).
  2026-04-07 11:51:52 /api/admin/users ............................. ~ 0.33ms
  Xdebug: [Step Debug] Could not connect to debugging client. Tried: localhost:9003 (through xdebug.client_host/xdebug.client_port).
  2026-04-07 11:51:53 /api/admin/books-stats ....................... ~ 0.22ms
  Xdebug: [Step Debug] Could not connect to debugging client. Tried: localhost:9003 (through xdebug.client_host/xdebug.client_port).
  2026-04-07 11:53:58 /api/admin/books-stats ....................... ~ 0.32ms
  Xdebug: [Step Debug] Could not connect to debugging client. Tried: localhost:9003 (through xdebug.client_host/xdebug.client_port).
  2026-04-07 11:53:58 /api/admin/users ............................. ~ 0.20ms
  Xdebug: [Step Debug] Could not connect to debugging client. Tried: localhost:9003 (through xdebug.client_host/xdebug.client_port).
  2026-04-07 11:54:04 /api/admin/books-stats ....................... ~ 0.26ms
  Xdebug: [Step Debug] Could not connect to debugging client. Tried: localhost:9003 (through xdebug.client_host/xdebug.client_port).
  2026-04-07 11:54:04 /api/admin/users ............................. ~ 0.20ms
  Xdebug: [Step Debug] Could not connect to debugging client. Tried: localhost:9003 (through xdebug.client_host/xdebug.client_port).
  2026-04-07 11:54:39 /api/logout .................................. ~ 0.34ms
  Xdebug: [Step Debug] Could not connect to debugging client. Tried: localhost:9003 (through xdebug.client_host/xdebug.client_port).
  2026-04-07 11:54:40 /api/logout .................................. ~ 0.34ms
  Xdebug: [Step Debug] Could not connect to debugging client. Tried: localhost:9003 (through xdebug.client_host/xdebug.client_port).
  2026-04-07 11:54:43 /api/logout .................................. ~ 0.32ms
  Xdebug: [Step Debug] Could not connect to debugging client. Tried: localhost:9003 (through xdebug.client_host/xdebug.client_port).
  2026-04-07 11:54:54 /api/books ................................... ~ 0.34ms
  Xdebug: [Step Debug] Could not connect to debugging client. Tried: localhost:9003 (through xdebug.client_host/xdebug.client_port).
  2026-04-07 11:54:58 /api/cart .................................. ~ 500.62ms
  Xdebug: [Step Debug] Could not connect to debugging client. Tried: localhost:9003 (through xdebug.client_host/xdebug.client_port).
  2026-04-07 11:55:03 /api/orders .................................. ~ 0.30ms
  Xdebug: [Step Debug] Could not connect to debugging client. Tried: localhost:9003 (through xdebug.client_host/xdebug.client_port).
  2026-04-07 11:55:05 /api/logout .................................. ~ 0.32ms
  Xdebug: [Step Debug] Could not connect to debugging client. Tried: localhost:9003 (through xdebug.client_host/xdebug.client_port).
  2026-04-07 11:55:06 /api/logout .................................. ~ 0.31ms
  Xdebug: [Step Debug] Could not connect to debugging client. Tried: localhost:9003 (through xdebug.client_host/xdebug.client_port).
  2026-04-07 11:55:09 /api/admin/users ........................... ~ 500.60ms
  Xdebug: [Step Debug] Could not connect to debugging client. Tried: localhost:9003 (through xdebug.client_host/xdebug.client_port).
  2026-04-07 11:55:09 /api/admin/books-stats ....................... ~ 0.24ms
  Xdebug: [Step Debug] Could not connect to debugging client. Tried: localhost:9003 (through xdebug.client_host/xdebug.client_port).
  2026-04-07 11:55:31 /api/admin/books-stats ..................... ~ 500.63ms
  Xdebug: [Step Debug] Could not connect to debugging client. Tried: localhost:9003 (through xdebug.client_host/xdebug.client_port).
  2026-04-07 11:55:31 /api/admin/users ............................. ~ 0.19ms
  Xdebug: [Step Debug] Could not connect to debugging client. Tried: localhost:9003 (through xdebug.client_host/xdebug.client_port).
  2026-04-07 11:56:35 /api/admin/books-stats ....................... ~ 0.48ms
  Xdebug: [Step Debug] Could not connect to debugging client. Tried: localhost:9003 (through xdebug.client_host/xdebug.client_port).
  2026-04-07 11:56:35 /api/admin/users ............................. ~ 0.20ms
  Xdebug: [Step Debug] Could not connect to debugging client. Tried: localhost:9003 (through xdebug.client_host/xdebug.client_port).
  2026-04-07 11:56:53 /api/admin/books-stats ....................... ~ 0.31ms
  Xdebug: [Step Debug] Could not connect to debugging client. Tried: localhost:9003 (through xdebug.client_host/xdebug.client_port).
  2026-04-07 11:56:53 /api/admin/users ............................. ~ 0.21ms
  Xdebug: [Step Debug] Could not connect to debugging client. Tried: localhost:9003 (through xdebug.client_host/xdebug.client_port).
  2026-04-07 11:57:47 /api/login ................................. ~ 500.56ms
  Xdebug: [Step Debug] Could not connect to debugging client. Tried: localhost:9003 (through xdebug.client_host/xdebug.client_port).
  2026-04-07 11:57:48 /api/login ................................. ~ 500.54ms
  Xdebug: [Step Debug] Could not connect to debugging client. Tried: localhost:9003 (through xdebug.client_host/xdebug.client_port).
  2026-04-07 12:01:49 /api/login ................................... ~ 0.28ms
  Xdebug: [Step Debug] Could not connect to debugging client. Tried: localhost:9003 (through xdebug.client_host/xdebug.client_port).
  2026-04-07 12:01:50 /api/login ................................. ~ 500.62ms
  Xdebug: [Step Debug] Could not connect to debugging client. Tried: localhost:9003 (through xdebug.client_host/xdebug.client_port).
  2026-04-07 12:01:51 /api/books ................................... ~ 0.22ms
  Xdebug: [Step Debug] Could not connect to debugging client. Tried: localhost:9003 (through xdebug.client_host/xdebug.client_port).
  2026-04-07 12:01:53 /api/admin/users ........................... ~ 501.24ms
  Xdebug: [Step Debug] Could not connect to debugging client. Tried: localhost:9003 (through xdebug.client_host/xdebug.client_port).
  2026-04-07 12:01:53 /api/admin/books-stats ..................... ~ 500.62ms
  Xdebug: [Step Debug] Could not connect to debugging client. Tried: localhost:9003 (through xdebug.client_host/xdebug.client_port).
  2026-04-07 12:02:00 /api/admin/books-stats ....................... ~ 0.35ms
  Xdebug: [Step Debug] Could not connect to debugging client. Tried: localhost:9003 (through xdebug.client_host/xdebug.client_port).
  2026-04-07 12:02:00 /api/admin/users ............................. ~ 0.21ms
  Xdebug: [Step Debug] Could not connect to debugging client. Tried: localhost:9003 (through xdebug.client_host/xdebug.client_port).
  2026-04-07 12:03:08 /api/books ................................... ~ 0.36ms
  Xdebug: [Step Debug] Could not connect to debugging client. Tried: localhost:9003 (through xdebug.client_host/xdebug.client_port).
  2026-04-07 12:03:22 /api/books ................................... ~ 0.32ms
  Xdebug: [Step Debug] Could not connect to debugging client. Tried: localhost:9003 (through xdebug.client_host/xdebug.client_port).
  2026-04-07 12:05:08 /api/books ................................... ~ 0.29ms
  Xdebug: [Step Debug] Could not connect to debugging client. Tried: localhost:9003 (through xdebug.client_host/xdebug.client_port).
  2026-04-07 12:05:11 /api/admin/books-stats ....................... ~ 0.29ms
  Xdebug: [Step Debug] Could not connect to debugging client. Tried: localhost:9003 (through xdebug.client_host/xdebug.client_port).
  2026-04-07 12:05:11 /api/admin/users ............................. ~ 0.18ms
  Xdebug: [Step Debug] Could not connect to debugging client. Tried: localhost:9003 (through xdebug.client_host/xdebug.client_port).
  2026-04-07 12:08:40 /api/admin/books-stats ..................... ~ 500.64ms
  Xdebug: [Step Debug] Could not connect to debugging client. Tried: localhost:9003 (through xdebug.client_host/xdebug.client_port).
  2026-04-07 12:08:40 /api/admin/users ............................. ~ 0.24ms
  Xdebug: [Step Debug] Could not connect to debugging client. Tried: localhost:9003 (through xdebug.client_host/xdebug.client_port).
  2026-04-07 12:09:16 /api/admin/books/14 ........................ ~ 500.64ms
  Xdebug: [Step Debug] Could not connect to debugging client. Tried: localhost:9003 (through xdebug.client_host/xdebug.client_port).
  2026-04-07 12:09:16 /api/admin/users ............................. ~ 0.27ms
  Xdebug: [Step Debug] Could not connect to debugging client. Tried: localhost:9003 (through xdebug.client_host/xdebug.client_port).
  2026-04-07 12:09:16 /api/admin/books-stats ..................... ~ 500.57ms
  Xdebug: [Step Debug] Could not connect to debugging client. Tried: localhost:9003 (through xdebug.client_host/xdebug.client_port).
  2026-04-07 12:09:41 /api/admin/books/15 ........................ ~ 500.61ms
  Xdebug: [Step Debug] Could not connect to debugging client. Tried: localhost:9003 (through xdebug.client_host/xdebug.client_port).
  2026-04-07 12:09:41 /api/admin/users ........................... ~ 500.61ms
  Xdebug: [Step Debug] Could not connect to debugging client. Tried: localhost:9003 (through xdebug.client_host/xdebug.client_port).
  2026-04-07 12:09:41 /api/admin/books-stats ....................... ~ 0.19ms
  Xdebug: [Step Debug] Could not connect to debugging client. Tried: localhost:9003 (through xdebug.client_host/xdebug.client_port).
  2026-04-07 12:09:51 /api/admin/books/16 .......................... ~ 0.33ms
  Xdebug: [Step Debug] Could not connect to debugging client. Tried: localhost:9003 (through xdebug.client_host/xdebug.client_port).
  2026-04-07 12:09:51 /api/admin/users ............................. ~ 0.27ms
  Xdebug: [Step Debug] Could not connect to debugging client. Tried: localhost:9003 (through xdebug.client_host/xdebug.client_port).
  2026-04-07 12:09:51 /api/admin/books-stats ....................... ~ 0.20ms
  Xdebug: [Step Debug] Could not connect to debugging client. Tried: localhost:9003 (through xdebug.client_host/xdebug.client_port).
  2026-04-07 12:10:08 /api/admin/books-stats ....................... ~ 1.01ms
  Xdebug: [Step Debug] Could not connect to debugging client. Tried: localhost:9003 (through xdebug.client_host/xdebug.client_port).
  2026-04-07 12:10:08 /api/admin/users ........................... ~ 500.75ms
  Xdebug: [Step Debug] Could not connect to debugging client. Tried: localhost:9003 (through xdebug.client_host/xdebug.client_port).
  2026-04-07 12:10:10 /api/admin/users ........................... ~ 500.68ms
  Xdebug: [Step Debug] Could not connect to debugging client. Tried: localhost:9003 (through xdebug.client_host/xdebug.client_port).
  2026-04-07 12:10:10 /api/admin/books-stats ....................... ~ 0.20ms
  Xdebug: [Step Debug] Could not connect to debugging client. Tried: localhost:9003 (through xdebug.client_host/xdebug.client_port).
  2026-04-07 12:13:53 /api/logout .................................. ~ 0.29ms
  Xdebug: [Step Debug] Could not connect to debugging client. Tried: localhost:9003 (through xdebug.client_host/xdebug.client_port).
  2026-04-07 12:14:24 /api/register ................................ ~ 0.33ms
  Xdebug: [Step Debug] Could not connect to debugging client. Tried: localhost:9003 (through xdebug.client_host/xdebug.client_port).
  2026-04-07 12:14:25 /api/books ................................. ~ 500.58ms
  Xdebug: [Step Debug] Could not connect to debugging client. Tried: localhost:9003 (through xdebug.client_host/xdebug.client_port).
  2026-04-07 12:14:29 /api/cart .................................... ~ 0.32ms
  Xdebug: [Step Debug] Could not connect to debugging client. Tried: localhost:9003 (through xdebug.client_host/xdebug.client_port).
  2026-04-07 12:14:31 /api/cart .................................. ~ 500.64ms
  Xdebug: [Step Debug] Could not connect to debugging client. Tried: localhost:9003 (through xdebug.client_host/xdebug.client_port).
  2026-04-07 12:14:34 /api/cart .................................... ~ 0.27ms
  Xdebug: [Step Debug] Could not connect to debugging client. Tried: localhost:9003 (through xdebug.client_host/xdebug.client_port).
  2026-04-07 12:14:40 /api/cart .................................... ~ 0.33ms
  Xdebug: [Step Debug] Could not connect to debugging client. Tried: localhost:9003 (through xdebug.client_host/xdebug.client_port).
  2026-04-07 12:14:48 /api/checkout .............................. ~ 500.62ms
  Xdebug: [Step Debug] Could not connect to debugging client. Tried: localhost:9003 (through xdebug.client_host/xdebug.client_port).
  2026-04-07 12:14:50 /api/orders .................................. ~ 0.31ms
  Xdebug: [Step Debug] Could not connect to debugging client. Tried: localhost:9003 (through xdebug.client_host/xdebug.client_port).
  2026-04-07 12:15:11 /api/books ................................... ~ 0.31ms
  Xdebug: [Step Debug] Could not connect to debugging client. Tried: localhost:9003 (through xdebug.client_host/xdebug.client_port).
  2026-04-07 12:15:44 /api/books ................................... ~ 0.34ms
